<?xml version="1.0" encoding="UTF-8"?>
<testng-results skipped="0" failed="0" total="3" passed="3">
  <reporter-output>
  </reporter-output>
  <suite name="example suite 1" duration-ms="79989" started-at="2017-06-07T16:01:24Z" finished-at="2017-06-07T16:02:44Z">
    <groups>
    </groups>
    <test name="test" duration-ms="79989" started-at="2017-06-07T16:01:24Z" finished-at="2017-06-07T16:02:44Z">
      <class name="contact_us">
        <test-method status="PASS" signature="setup()[pri:0, instance:contact_us@643b1d11]" name="setup" is-config="true" duration-ms="6201" started-at="2017-06-07T21:31:24Z" finished-at="2017-06-07T21:31:30Z">
          <reporter-output>
          </reporter-output>
        </test-method> <!-- setup -->
        <test-method status="PASS" signature="test_page7()[pri:0, instance:contact_us@643b1d11]" name="test_page7" duration-ms="35693" started-at="2017-06-07T21:31:30Z" finished-at="2017-06-07T21:32:06Z">
          <reporter-output>
          </reporter-output>
        </test-method> <!-- test_page7 -->
        <test-method status="PASS" signature="test_page8()[pri:0, instance:contact_us@643b1d11]" name="test_page8" duration-ms="23938" started-at="2017-06-07T21:32:06Z" finished-at="2017-06-07T21:32:30Z">
          <reporter-output>
          </reporter-output>
        </test-method> <!-- test_page8 -->
        <test-method status="PASS" signature="test_page2()[pri:0, instance:contact_us@643b1d11]" name="test_page2" duration-ms="10724" started-at="2017-06-07T21:32:30Z" finished-at="2017-06-07T21:32:41Z">
          <reporter-output>
          </reporter-output>
        </test-method> <!-- test_page2 -->
        <test-method status="PASS" signature="teardown()[pri:0, instance:contact_us@643b1d11]" name="teardown" is-config="true" duration-ms="3416" started-at="2017-06-07T21:32:41Z" finished-at="2017-06-07T21:32:44Z">
          <reporter-output>
          </reporter-output>
        </test-method> <!-- teardown -->
      </class> <!-- contact_us -->
    </test> <!-- test -->
  </suite> <!-- example suite 1 -->
</testng-results>
