<?xml version="1.0" encoding="UTF-8"?>
<testng-results skipped="0" failed="0" total="1" passed="1">
  <reporter-output>
  </reporter-output>
  <suite name="example suite 1" duration-ms="73282" started-at="2017-06-06T08:14:23Z" finished-at="2017-06-06T08:15:36Z">
    <groups>
    </groups>
    <test name="test" duration-ms="73282" started-at="2017-06-06T08:14:23Z" finished-at="2017-06-06T08:15:36Z">
      <class name="contact_us">
        <test-method status="PASS" signature="setup()[pri:0, instance:contact_us@28feb3fa]" name="setup" is-config="true" duration-ms="3263" started-at="2017-06-06T13:44:23Z" finished-at="2017-06-06T13:44:26Z">
          <reporter-output>
          </reporter-output>
        </test-method> <!-- setup -->
        <test-method status="PASS" signature="test()[pri:0, instance:contact_us@28feb3fa]" name="test" duration-ms="69835" started-at="2017-06-06T13:44:26Z" finished-at="2017-06-06T13:45:36Z">
          <reporter-output>
          </reporter-output>
        </test-method> <!-- test -->
        <test-method status="PASS" signature="teardown()[pri:0, instance:contact_us@28feb3fa]" name="teardown" is-config="true" duration-ms="167" started-at="2017-06-06T13:45:36Z" finished-at="2017-06-06T13:45:36Z">
          <reporter-output>
          </reporter-output>
        </test-method> <!-- teardown -->
      </class> <!-- contact_us -->
    </test> <!-- test -->
  </suite> <!-- example suite 1 -->
</testng-results>
